
Showing logs for build [32msdaschner-jenkins-x-quickstart-nw2xz-2[0m stage [32mmeta-pipeline[0m and container [32mstep-credential-initializer-md9cv[0m
{"level":"warn","ts":1567762803.4097073,"logger":"fallback-logger","caller":"logging/config.go:69","msg":"Fetch GitHub commit ID from kodata failed: \"ref: refs/heads/master\" is not a valid GitHub commit ID"}
{"level":"info","ts":1567762803.4106092,"logger":"fallback-logger","caller":"creds-init/main.go:40","msg":"Credentials initialized."}

Showing logs for build [32msdaschner-jenkins-x-quickstart-nw2xz-2[0m stage [32mmeta-pipeline[0m and container [32mstep-working-dir-initializer-jhf57[0m
{"level":"warn","ts":1567762804.580726,"logger":"fallback-logger","caller":"logging/config.go:69","msg":"Fetch GitHub commit ID from kodata failed: open /var/run/ko/HEAD: no such file or directory"}
{"level":"info","ts":1567762804.6014283,"logger":"fallback-logger","caller":"bash/main.go:65","msg":"Successfully executed command \"mkdir -p /workspace/source\""}

Showing logs for build [32msdaschner-jenkins-x-quickstart-nw2xz-2[0m stage [32mmeta-pipeline[0m and container [32mstep-place-tools[0m

Showing logs for build [32msdaschner-jenkins-x-quickstart-nw2xz-2[0m stage [32mmeta-pipeline[0m and container [32mstep-git-source-meta-sdaschner-jenkins-x-quicks-jmr7x[0m
{"level":"warn","ts":1567762809.8260736,"logger":"fallback-logger","caller":"logging/config.go:69","msg":"Fetch GitHub commit ID from kodata failed: \"ref: refs/heads/master\" is not a valid GitHub commit ID"}
{"level":"info","ts":1567762815.2050273,"logger":"fallback-logger","caller":"git/git.go:102","msg":"Successfully cloned https://github.com/*********/jenkins-x-quickstart-liberty.git @ 899d4ac4411442707f5413869cac48d62298f3ec in path /workspace/source"}

Showing logs for build [32msdaschner-jenkins-x-quickstart-nw2xz-2[0m stage [32mmeta-pipeline[0m and container [32mstep-git-merge[0m
Using SHAs from PULL_REFS=master:899d4ac4411442707f5413869cac48d62298f3ec
WARNING: no SHAs to merge, falling back to initial cloned commit

Showing logs for build [32msdaschner-jenkins-x-quickstart-nw2xz-2[0m stage [32mmeta-pipeline[0m and container [32mstep-merge-pull-refs[0m
SKIP merge-pull-refs: Nothing to merge

Showing logs for build [32msdaschner-jenkins-x-quickstart-nw2xz-2[0m stage [32mmeta-pipeline[0m and container [32mstep-create-effective-pipeline[0m
Deleting and cloning the Jenkins X versions repo
Cloning the Jenkins X versions repo https://github.com/jenkins-x/jenkins-x-versions.git with ref refs/heads/master to /builder/home/.**/jenkins-x-versions
Effective pipeline written to jenkins-x-effective.yml

Showing logs for build [32msdaschner-jenkins-x-quickstart-nw2xz-2[0m stage [32mmeta-pipeline[0m and container [32mstep-create-tekton-crds[0m
running command: ** step next-version --use-git-tag-only --tag
created new version: 1.0.39 and written to file: ./VERSION
Updating chart version in charts/jenkins-x-quickstart-liberty/Chart.yaml to 1.0.39
Updating repository in charts/jenkins-x-quickstart-liberty/values.yaml to 10.103.112.139:5000/*********/jenkins-x-quickstart-liberty
Updating tag in charts/jenkins-x-quickstart-liberty/values.yaml to 1.0.39
Tag v1.0.39 created and pushed to remote origin

PipelineActivity for *********-jenkins-x-quickstart-liberty-master-2
Applying changes 
upserted PipelineResource *********-jenkins-x-quickstart for the git repository https://github.com/*********/jenkins-x-quickstart-liberty.git
upserted Task *********-jenkins-x-quickstart-nw2xz-build-2
upserted Task *********-jenkins-x-quickstart-nw2xz-promote-2
upserted Task *********-jenkins-x-quickstart-nw2xz-system-test-2
upserted Pipeline *********-jenkins-x-quickstart-nw2xz-2
created PipelineRun *********-jenkins-x-quickstart-nw2xz-2
created PipelineStructure *********-jenkins-x-quickstart-nw2xz-2

Showing logs for build [32msdaschner-jenkins-x-quickstart-nw2xz-2[0m stage [32mbuild[0m and container [32mstep-credential-initializer-nsmdk[0m
{"level":"warn","ts":1567762845.404314,"logger":"fallback-logger","caller":"logging/config.go:69","msg":"Fetch GitHub commit ID from kodata failed: \"ref: refs/heads/master\" is not a valid GitHub commit ID"}
{"level":"info","ts":1567762845.4048126,"logger":"fallback-logger","caller":"creds-init/main.go:40","msg":"Credentials initialized."}

Showing logs for build [32msdaschner-jenkins-x-quickstart-nw2xz-2[0m stage [32mbuild[0m and container [32mstep-working-dir-initializer-kpm7m[0m
{"level":"warn","ts":1567762846.82387,"logger":"fallback-logger","caller":"logging/config.go:69","msg":"Fetch GitHub commit ID from kodata failed: open /var/run/ko/HEAD: no such file or directory"}
{"level":"info","ts":1567762846.8285463,"logger":"fallback-logger","caller":"bash/main.go:65","msg":"Successfully executed command \"mkdir -p /workspace/source\""}

Showing logs for build [32msdaschner-jenkins-x-quickstart-nw2xz-2[0m stage [32mbuild[0m and container [32mstep-place-tools[0m

Showing logs for build [32msdaschner-jenkins-x-quickstart-nw2xz-2[0m stage [32mbuild[0m and container [32mstep-git-source-sdaschner-jenkins-x-quickstart-dfzqd[0m
{"level":"warn","ts":1567762854.2046008,"logger":"fallback-logger","caller":"logging/config.go:69","msg":"Fetch GitHub commit ID from kodata failed: \"ref: refs/heads/master\" is not a valid GitHub commit ID"}
{"level":"info","ts":1567762858.0174003,"logger":"fallback-logger","caller":"git/git.go:102","msg":"Successfully cloned https://github.com/*********/jenkins-x-quickstart-liberty.git @ v1.0.39 in path /workspace/source"}

Showing logs for build [32msdaschner-jenkins-x-quickstart-nw2xz-2[0m stage [32mbuild[0m and container [32mstep-git-merge[0m
Using SHAs from PULL_REFS=master:899d4ac4411442707f5413869cac48d62298f3ec
WARNING: no SHAs to merge, falling back to initial cloned commit

Showing logs for build [32msdaschner-jenkins-x-quickstart-nw2xz-2[0m stage [32mbuild[0m and container [32mstep-next-version[0m

Showing logs for build [32msdaschner-jenkins-x-quickstart-nw2xz-2[0m stage [32mbuild[0m and container [32mstep-set-version[0m
Picked up _JAVA_OPTIONS: -XX:+UnlockExperimentalVMOptions -Dsun.zip.disableMemoryMapping=true -XX:+UseParallelGC -XX:MinHeapFreeRatio=5 -XX:MaxHeapFreeRatio=10 -XX:GCTimeRatio=4 -XX:AdaptiveSizePolicyWeight=90 -Xms10m -Xmx192m
[INFO] Scanning for projects...
[INFO] 
[INFO] ----< io.openliberty.samples:io.openliberty.sample.getting.started >----
[INFO] Building io.openliberty.sample.getting.started 1.0.0
[INFO] --------------------------------[ war ]---------------------------------
[INFO] 
[INFO] --- versions-maven-plugin:2.7:set (default-cli) @ io.openliberty.sample.getting.started ---
[INFO] Searching for local aggregator root...
[INFO] Local aggregation root: /workspace/source
[INFO] Processing change of io.openliberty.samples:io.openliberty.sample.getting.started:1.0.0 -> 1.0.40
[INFO] Processing io.openliberty.samples:io.openliberty.sample.getting.started
[INFO]     Updating project io.openliberty.samples:io.openliberty.sample.getting.started
[INFO]         from version 1.0.0 to 1.0.40
[INFO] 
[INFO] ------------------------------------------------------------------------
[INFO] BUILD SUCCESS
[INFO] ------------------------------------------------------------------------
[INFO] Total time: 11.077 s
[INFO] Finished at: 2019-09-06T09:41:16Z
[INFO] ------------------------------------------------------------------------
[0m[0m

Showing logs for build [32msdaschner-jenkins-x-quickstart-nw2xz-2[0m stage [32mbuild[0m and container [32mstep-tag-version[0m
Updating chart version in charts/jenkins-x-quickstart-liberty/Chart.yaml to 1.0.40
Updating repository in charts/jenkins-x-quickstart-liberty/values.yaml to 10.103.112.139:5000/*********/jenkins-x-quickstart-liberty
Updating tag in charts/jenkins-x-quickstart-liberty/values.yaml to 1.0.40
Tag v1.0.40 created and pushed to remote origin

Showing logs for build [32msdaschner-jenkins-x-quickstart-nw2xz-2[0m stage [32mbuild[0m and container [32mstep-mvn-deploy[0m
Picked up _JAVA_OPTIONS: -XX:+UnlockExperimentalVMOptions -Dsun.zip.disableMemoryMapping=true -XX:+UseParallelGC -XX:MinHeapFreeRatio=5 -XX:MaxHeapFreeRatio=10 -XX:GCTimeRatio=4 -XX:AdaptiveSizePolicyWeight=90 -Xms10m -Xmx192m
[INFO] Scanning for projects...
[INFO] 
[INFO] ----< io.openliberty.samples:io.openliberty.sample.getting.started >----
[INFO] Building io.openliberty.sample.getting.started 1.0.40
[INFO] --------------------------------[ war ]---------------------------------
[INFO] 
[INFO] --- maven-clean-plugin:2.5:clean (default-clean) @ io.openliberty.sample.getting.started ---
[INFO] 
[INFO] --- maven-resources-plugin:2.6:resources (default-resources) @ io.openliberty.sample.getting.started ---
[INFO] Using 'UTF-8' encoding to copy filtered resources.
[INFO] Copying 2 resources
[INFO] 
[INFO] --- maven-compiler-plugin:3.1:compile (default-compile) @ io.openliberty.sample.getting.started ---
[INFO] Changes detected - recompiling the module!
[INFO] Compiling 6 source files to /workspace/source/target/classes
[INFO] 
[INFO] --- maven-resources-plugin:2.6:testResources (default-testResources) @ io.openliberty.sample.getting.started ---
[INFO] Using 'UTF-8' encoding to copy filtered resources.
[INFO] skip non existing resourceDirectory /workspace/source/src/test/resources
[INFO] 
[INFO] --- maven-compiler-plugin:3.1:testCompile (default-testCompile) @ io.openliberty.sample.getting.started ---
[INFO] Changes detected - recompiling the module!
[INFO] Compiling 2 source files to /workspace/source/target/test-classes
[INFO] 
[INFO] --- maven-surefire-plugin:3.0.0-M1:test (default-test) @ io.openliberty.sample.getting.started ---
[INFO] 
[INFO] --- maven-war-plugin:3.2.2:war (default-war) @ io.openliberty.sample.getting.started ---
[INFO] Packaging webapp
[INFO] Assembling webapp [io.openliberty.sample.getting.started] in [/workspace/source/target/getting-started]
[INFO] Processing war project
[INFO] Copying webapp resources [/workspace/source/src/main/webapp]
[INFO] Webapp assembled in [65 msecs]
[INFO] Building war: /workspace/source/target/getting-started.war
[INFO] 
[INFO] --- maven-install-plugin:2.4:install (default-install) @ io.openliberty.sample.getting.started ---
[INFO] Installing /workspace/source/target/getting-started.war to /root/.mvnrepository/io/openliberty/samples/io.openliberty.sample.getting.started/1.0.40/io.openliberty.sample.getting.started-1.0.40.war
[INFO] Installing /workspace/source/pom.xml to /root/.mvnrepository/io/openliberty/samples/io.openliberty.sample.getting.started/1.0.40/io.openliberty.sample.getting.started-1.0.40.pom
[INFO] 
[INFO] --- maven-deploy-plugin:2.8.2:deploy (default-deploy) @ io.openliberty.sample.getting.started ---
[INFO] Using alternate deployment repository nexus::default::http://nexus/repository/maven-releases/
[INFO] ------------------------------------------------------------------------
[INFO] BUILD SUCCESS
[INFO] ------------------------------------------------------------------------
[INFO] Total time: 17.787 s
[INFO] Finished at: 2019-09-06T09:41:44Z
[INFO] ------------------------------------------------------------------------

Showing logs for build [32msdaschner-jenkins-x-quickstart-nw2xz-2[0m stage [32mbuild[0m and container [32mstep-mvn-liberty-integration-test[0m
doing integration test

Showing logs for build [32msdaschner-jenkins-x-quickstart-nw2xz-2[0m stage [32mbuild[0m and container [32mstep-skaffold-version[0m
v0.31.0

Showing logs for build [32msdaschner-jenkins-x-quickstart-nw2xz-2[0m stage [32mbuild[0m and container [32mstep-container-build[0m
time="2019-09-06T09:41:48Z" level=warning msg="config version (skaffold/v1beta2) out of date: upgrading to latest (skaffold/v1beta11)"
Generating tags...
 - testing-215306/jenkins-x-quickstart-liberty -> 10.103.112.139:5000/testing-215306/jenkins-x-quickstart-liberty:1.0.40
Tags generated in 3.382092ms
Starting build...
Building [testing-215306/jenkins-x-quickstart-liberty]...
Sending build context to Docker daemon  193.5kB
Step 1/3 : FROM open-liberty:javaee8-java12
 ---> 245795435a0d
Step 2/3 : COPY src/main/liberty/config/ /opt/ol/wlp/usr/servers/defaultServer/
 ---> Using cache
 ---> 2ba9ab152f0c
Step 3/3 : COPY target/*.war /opt/ol/wlp/usr/servers/defaultServer/apps/
 ---> 1d5ae13d27dc
Successfully built 1d5ae13d27dc
Successfully tagged 10.103.112.139:5000/testing-215306/jenkins-x-quickstart-liberty:1.0.40
The push refers to repository [10.103.112.139:5000/testing-215306/jenkins-x-quickstart-liberty]
09a8b8369a8b: Preparing
67d2ade65198: Preparing
ae9981e3d0f7: Preparing
62953cb8e6a2: Preparing
fe0bb42a81c9: Preparing
94346d2649b6: Preparing
aa73c474ec46: Preparing
01bbb6daf183: Preparing
c5597257aa29: Preparing
122be11ab4a2: Preparing
7beb13bce073: Preparing
f7eae43028b3: Preparing
6cebf3abed5f: Preparing
01bbb6daf183: Waiting
c5597257aa29: Waiting
122be11ab4a2: Waiting
7beb13bce073: Waiting
f7eae43028b3: Waiting
6cebf3abed5f: Waiting
94346d2649b6: Waiting
aa73c474ec46: Waiting
62953cb8e6a2: Layer already exists
fe0bb42a81c9: Layer already exists
67d2ade65198: Layer already exists
ae9981e3d0f7: Layer already exists
aa73c474ec46: Layer already exists
01bbb6daf183: Layer already exists
94346d2649b6: Layer already exists
c5597257aa29: Layer already exists
7beb13bce073: Layer already exists
f7eae43028b3: Layer already exists
6cebf3abed5f: Layer already exists
122be11ab4a2: Layer already exists
09a8b8369a8b: Pushed
1.0.40: digest: sha256:b50cef05e6b0093044160031024a551588d0de93a3a5d5663899ca5c6994a5e3 size: 3038
Build complete in 439.535308ms
Starting test...
Test complete in 83.387µs
Complete in 479.961835ms

Showing logs for build [32msdaschner-jenkins-x-quickstart-nw2xz-2[0m stage [32mbuild[0m and container [32mstep-post-build[0m
no CVE provider running in the current ** namespace so skip adding image to be analysed

Showing logs for build [32msdaschner-jenkins-x-quickstart-nw2xz-2[0m stage [32mbuild[0m and container [32mstep-source-mkdir-sdaschner-jenkins-x-quickstart-55rgk[0m
{"level":"warn","ts":1567762910.8725922,"logger":"fallback-logger","caller":"logging/config.go:69","msg":"Fetch GitHub commit ID from kodata failed: open /var/run/ko/HEAD: no such file or directory"}
{"level":"info","ts":1567762910.8764064,"logger":"fallback-logger","caller":"bash/main.go:65","msg":"Successfully executed command \"mkdir -p /pvc/build/workspace\""}

Showing logs for build [32msdaschner-jenkins-x-quickstart-nw2xz-2[0m stage [32mbuild[0m and container [32mstep-source-copy-sdaschner-jenkins-x-quickstart-4r6d4[0m
{"level":"warn","ts":1567762911.0760784,"logger":"fallback-logger","caller":"logging/config.go:69","msg":"Fetch GitHub commit ID from kodata failed: open /var/run/ko/HEAD: no such file or directory"}
{"level":"info","ts":1567762911.1696868,"logger":"fallback-logger","caller":"bash/main.go:65","msg":"Successfully executed command \"cp -r /workspace/source/. /pvc/build/workspace\""}

Showing logs for build [32msdaschner-jenkins-x-quickstart-nw2xz-2[0m stage [32mpromote[0m and container [32mstep-credential-initializer-5j2nj[0m
{"level":"warn","ts":1567762915.3170295,"logger":"fallback-logger","caller":"logging/config.go:69","msg":"Fetch GitHub commit ID from kodata failed: \"ref: refs/heads/master\" is not a valid GitHub commit ID"}
{"level":"info","ts":1567762915.3174694,"logger":"fallback-logger","caller":"creds-init/main.go:40","msg":"Credentials initialized."}

Showing logs for build [32msdaschner-jenkins-x-quickstart-nw2xz-2[0m stage [32mpromote[0m and container [32mstep-working-dir-initializer-rsgqc[0m
{"level":"warn","ts":1567762915.7098787,"logger":"fallback-logger","caller":"logging/config.go:69","msg":"Fetch GitHub commit ID from kodata failed: open /var/run/ko/HEAD: no such file or directory"}
{"level":"info","ts":1567762915.712127,"logger":"fallback-logger","caller":"bash/main.go:65","msg":"Successfully executed command \"mkdir -p /workspace/source /workspace/source/charts/jenkins-x-quickstart-liberty\""}

Showing logs for build [32msdaschner-jenkins-x-quickstart-nw2xz-2[0m stage [32mpromote[0m and container [32mstep-place-tools[0m

Showing logs for build [32msdaschner-jenkins-x-quickstart-nw2xz-2[0m stage [32mpromote[0m and container [32mstep-create-dir-workspace-f9qn5[0m
{"level":"warn","ts":1567762921.0414522,"logger":"fallback-logger","caller":"logging/config.go:69","msg":"Fetch GitHub commit ID from kodata failed: open /var/run/ko/HEAD: no such file or directory"}
{"level":"info","ts":1567762921.0497622,"logger":"fallback-logger","caller":"bash/main.go:65","msg":"Successfully executed command \"mkdir -p /workspace/source\""}

Showing logs for build [32msdaschner-jenkins-x-quickstart-nw2xz-2[0m stage [32mpromote[0m and container [32mstep-source-copy-workspace-vgrz8[0m
{"level":"warn","ts":1567762921.257113,"logger":"fallback-logger","caller":"logging/config.go:69","msg":"Fetch GitHub commit ID from kodata failed: open /var/run/ko/HEAD: no such file or directory"}
{"level":"info","ts":1567762921.2778149,"logger":"fallback-logger","caller":"bash/main.go:65","msg":"Successfully executed command \"cp -r /pvc/build/workspace/. /workspace/source\""}

Showing logs for build [32msdaschner-jenkins-x-quickstart-nw2xz-2[0m stage [32mpromote[0m and container [32mstep-changelog[0m
Converted /workspace/source/charts/jenkins-x-quickstart-liberty to an unshallow repository
Generating change log from git ref 36b02e84c48dd8b1797b3ea6d9879ad2790c11c7 => bdc288063312c47931154e455fb983306555dee4
WARNING: No release found for *********/jenkins-x-quickstart-liberty and tag v1.0.40 so creating a new release
Updated the release information at https://github.com/*********/jenkins-x-quickstart-liberty/releases/tag/v1.0.40
generated: /workspace/source/charts/jenkins-x-quickstart-liberty/templates/release.yaml
Created Release jenkins-x-quickstart-liberty-1-0-40 resource in namespace **
Updating PipelineActivity *********-jenkins-x-quickstart-liberty-master-2 with version 1.0.40
Updated PipelineActivities *********-jenkins-x-quickstart-liberty-master-2 with release notes URL: https://github.com/*********/jenkins-x-quickstart-liberty/releases/tag/v1.0.40

Showing logs for build [32msdaschner-jenkins-x-quickstart-nw2xz-2[0m stage [32mpromote[0m and container [32mstep-helm-release[0m
WARNING: No $CHART_REPOSITORY defined so using the default value of: http://jenkins-x-chartmuseum:8080
Adding missing Helm repo: storage.googleapis.com https://storage.googleapis.com/chartmuseum.jenkins-x.io
Successfully added Helm repository storage.googleapis.com.
Adding missing Helm repo: jenkins-x-chartmuseum http://jenkins-x-chartmuseum:8080
Successfully added Helm repository jenkins-x-chartmuseum.
WARNING: No $CHART_REPOSITORY defined so using the default value of: http://jenkins-x-chartmuseum:8080
Uploading chart file jenkins-x-quickstart-liberty-1.0.40.tgz to http://jenkins-x-chartmuseum:8080/api/charts
Received 201 response: {"saved":true}

Showing logs for build [32msdaschner-jenkins-x-quickstart-nw2xz-2[0m stage [32mpromote[0m and container [32mstep-jx-promote[0m
WARNING: prow based install so skip waiting for the merge of Pull Requests to go green as currently there is an issue with gettingstatuses from the PR, see https://github.com/jenkins-x/**/issues/2410
Promoting app jenkins-x-quickstart-liberty version 1.0.40 to namespace **-staging
Created Pull Request: https://github.com/*********/environment-ladylove-staging/pull/1
WARNING: Failed to query the Pull Request last commit status for https://github.com/*********/environment-ladylove-staging/pull/1 ref cc847bb73697a9c51b19587df33bd7b1600f371e Could not find a status for repository *********/environment-ladylove-staging with ref cc847bb73697a9c51b19587df33bd7b1600f371e
Pull Request https://github.com/*********/environment-ladylove-staging/pull/1 is merged at sha ada08b5055b7d5b919840d093a24e244cb15ec40
Pull Request merged but we are not waiting for the update pipeline to complete!
WARNING: Could not find the service URL in namespace **-staging for names jenkins-x-quickstart-liberty, **-jenkins-x-quickstart-liberty, **-staging-jenkins-x-quickstart-liberty

Showing logs for build [32msdaschner-jenkins-x-quickstart-nw2xz-2[0m stage [32mpromote[0m and container [32mstep-wait-deployment[0m
waiting for promotion to be fully rolled-out

Showing logs for build [32msdaschner-jenkins-x-quickstart-nw2xz-2[0m stage [32mpromote[0m and container [32mstep-source-mkdir-sdaschner-jenkins-x-quickstart-hmj4p[0m
{"level":"warn","ts":1567763159.7767165,"logger":"fallback-logger","caller":"logging/config.go:69","msg":"Fetch GitHub commit ID from kodata failed: open /var/run/ko/HEAD: no such file or directory"}
{"level":"info","ts":1567763159.7795706,"logger":"fallback-logger","caller":"bash/main.go:65","msg":"Successfully executed command \"mkdir -p /pvc/promote/workspace\""}

Showing logs for build [32msdaschner-jenkins-x-quickstart-nw2xz-2[0m stage [32mpromote[0m and container [32mstep-source-copy-sdaschner-jenkins-x-quickstart-7xc2c[0m
{"level":"warn","ts":1567763159.9555314,"logger":"fallback-logger","caller":"logging/config.go:69","msg":"Fetch GitHub commit ID from kodata failed: open /var/run/ko/HEAD: no such file or directory"}
{"level":"info","ts":1567763160.1293318,"logger":"fallback-logger","caller":"bash/main.go:65","msg":"Successfully executed command \"cp -r /workspace/source/. /pvc/promote/workspace\""}

Showing logs for build [32msdaschner-jenkins-x-quickstart-nw2xz-2[0m stage [32msystem-test[0m and container [32mstep-credential-initializer-j8rlt[0m
{"level":"warn","ts":1567763162.993643,"logger":"fallback-logger","caller":"logging/config.go:69","msg":"Fetch GitHub commit ID from kodata failed: \"ref: refs/heads/master\" is not a valid GitHub commit ID"}
{"level":"info","ts":1567763162.9951577,"logger":"fallback-logger","caller":"creds-init/main.go:40","msg":"Credentials initialized."}

Showing logs for build [32msdaschner-jenkins-x-quickstart-nw2xz-2[0m stage [32msystem-test[0m and container [32mstep-working-dir-initializer-2xdn6[0m
{"level":"warn","ts":1567763164.5227027,"logger":"fallback-logger","caller":"logging/config.go:69","msg":"Fetch GitHub commit ID from kodata failed: open /var/run/ko/HEAD: no such file or directory"}
{"level":"info","ts":1567763164.5240595,"logger":"fallback-logger","caller":"bash/main.go:65","msg":"Successfully executed command \"mkdir -p /workspace/source\""}

Showing logs for build [32msdaschner-jenkins-x-quickstart-nw2xz-2[0m stage [32msystem-test[0m and container [32mstep-place-tools[0m

Showing logs for build [32msdaschner-jenkins-x-quickstart-nw2xz-2[0m stage [32msystem-test[0m and container [32mstep-create-dir-workspace-pd4z5[0m
{"level":"warn","ts":1567763169.617639,"logger":"fallback-logger","caller":"logging/config.go:69","msg":"Fetch GitHub commit ID from kodata failed: open /var/run/ko/HEAD: no such file or directory"}
{"level":"info","ts":1567763169.6188078,"logger":"fallback-logger","caller":"bash/main.go:65","msg":"Successfully executed command \"mkdir -p /workspace/source\""}

Showing logs for build [32msdaschner-jenkins-x-quickstart-nw2xz-2[0m stage [32msystem-test[0m and container [32mstep-source-copy-workspace-8qltg[0m
{"level":"warn","ts":1567763169.863944,"logger":"fallback-logger","caller":"logging/config.go:69","msg":"Fetch GitHub commit ID from kodata failed: open /var/run/ko/HEAD: no such file or directory"}
{"level":"info","ts":1567763169.8911414,"logger":"fallback-logger","caller":"bash/main.go:65","msg":"Successfully executed command \"cp -r /pvc/promote/workspace/. /workspace/source\""}

Showing logs for build [32msdaschner-jenkins-x-quickstart-nw2xz-2[0m stage [32msystem-test[0m and container [32mstep-mvn-liberty-integration-test[0m
doing system test
