
Showing logs for build [32msdaschner-jenkins-x-quickstart-l47kl-3[0m stage [32mfrom-build-pack[0m and container [32mstep-credential-initializer-mcfqk[0m
{"level":"warn","ts":1569227189.9216213,"logger":"fallback-logger","caller":"logging/config.go:69","msg":"Fetch GitHub commit ID from kodata failed: \"ref: refs/heads/master\" is not a valid GitHub commit ID"}
{"level":"info","ts":1569227189.9219491,"logger":"fallback-logger","caller":"creds-init/main.go:40","msg":"Credentials initialized."}

Showing logs for build [32msdaschner-jenkins-x-quickstart-l47kl-3[0m stage [32mfrom-build-pack[0m and container [32mstep-working-dir-initializer-66gsf[0m
{"level":"warn","ts":1569227190.6095436,"logger":"fallback-logger","caller":"logging/config.go:69","msg":"Fetch GitHub commit ID from kodata failed: open /var/run/ko/HEAD: no such file or directory"}
{"level":"info","ts":1569227190.610938,"logger":"fallback-logger","caller":"bash/main.go:65","msg":"Successfully executed command \"mkdir -p /workspace/source /workspace/source/charts/jenkins-x-quickstart-liberty\""}

Showing logs for build [32msdaschner-jenkins-x-quickstart-l47kl-3[0m stage [32mfrom-build-pack[0m and container [32mstep-place-tools[0m

Showing logs for build [32msdaschner-jenkins-x-quickstart-l47kl-3[0m stage [32mfrom-build-pack[0m and container [32mstep-git-source-sdaschner-jenkins-x-quickstart-lw728[0m
{"level":"warn","ts":1569227195.6144855,"logger":"fallback-logger","caller":"logging/config.go:69","msg":"Fetch GitHub commit ID from kodata failed: \"ref: refs/heads/master\" is not a valid GitHub commit ID"}
{"level":"info","ts":1569227196.9939108,"logger":"fallback-logger","caller":"git/git.go:102","msg":"Successfully cloned https://github.com/*********/jenkins-x-quickstart-liberty.git @ v1.0.64 in path /workspace/source"}

Showing logs for build [32msdaschner-jenkins-x-quickstart-l47kl-3[0m stage [32mfrom-build-pack[0m and container [32mstep-git-merge[0m
Using SHAs from PULL_REFS=master:db85b70b483406e296774fa67c889373134b718d
WARNING: no SHAs to merge, falling back to initial cloned commit

Showing logs for build [32msdaschner-jenkins-x-quickstart-l47kl-3[0m stage [32mfrom-build-pack[0m and container [32mstep-setup-jx-git-credentials[0m
Generated Git credentials file /workspace/xdg_config/git/credentials

Showing logs for build [32msdaschner-jenkins-x-quickstart-l47kl-3[0m stage [32mfrom-build-pack[0m and container [32mstep-build-mvn-deploy[0m
Picked up _JAVA_OPTIONS: -XX:+UnlockExperimentalVMOptions -Dsun.zip.disableMemoryMapping=true -XX:+UseParallelGC -XX:MinHeapFreeRatio=5 -XX:MaxHeapFreeRatio=10 -XX:GCTimeRatio=4 -XX:AdaptiveSizePolicyWeight=90 -Xms10m -Xmx192m
[INFO] Scanning for projects...
[INFO] 
[INFO] ----< io.openliberty.samples:io.openliberty.sample.getting.started >----
[INFO] Building io.openliberty.sample.getting.started 1.0.64
[INFO] --------------------------------[ war ]---------------------------------
[INFO] 
[INFO] --- maven-clean-plugin:2.5:clean (default-clean) @ io.openliberty.sample.getting.started ---
[INFO] 
[INFO] --- maven-resources-plugin:2.6:resources (default-resources) @ io.openliberty.sample.getting.started ---
[INFO] Using 'UTF-8' encoding to copy filtered resources.
[INFO] Copying 2 resources
[INFO] 
[INFO] --- maven-compiler-plugin:3.1:compile (default-compile) @ io.openliberty.sample.getting.started ---
[INFO] Changes detected - recompiling the module!
[INFO] Compiling 7 source files to /workspace/source/target/classes
[INFO] 
[INFO] --- maven-resources-plugin:2.6:testResources (default-testResources) @ io.openliberty.sample.getting.started ---
[INFO] Using 'UTF-8' encoding to copy filtered resources.
[INFO] skip non existing resourceDirectory /workspace/source/src/test/resources
[INFO] 
[INFO] --- maven-compiler-plugin:3.1:testCompile (default-testCompile) @ io.openliberty.sample.getting.started ---
[INFO] Changes detected - recompiling the module!
[INFO] Compiling 2 source files to /workspace/source/target/test-classes
[INFO] 
[INFO] --- maven-surefire-plugin:3.0.0-M1:test (default-test) @ io.openliberty.sample.getting.started ---
[INFO] 
[INFO] --- maven-war-plugin:3.2.2:war (default-war) @ io.openliberty.sample.getting.started ---
[INFO] Packaging webapp
[INFO] Assembling webapp [io.openliberty.sample.getting.started] in [/workspace/source/target/getting-started]
[INFO] Processing war project
[INFO] Copying webapp resources [/workspace/source/src/main/webapp]
[INFO] Webapp assembled in [45 msecs]
[INFO] Building war: /workspace/source/target/getting-started.war
[INFO] 
[INFO] --- maven-install-plugin:2.4:install (default-install) @ io.openliberty.sample.getting.started ---
[INFO] Installing /workspace/source/target/getting-started.war to /home/jenkins/.mvnrepository/io/openliberty/samples/io.openliberty.sample.getting.started/1.0.64/io.openliberty.sample.getting.started-1.0.64.war
[INFO] Installing /workspace/source/pom.xml to /home/jenkins/.mvnrepository/io/openliberty/samples/io.openliberty.sample.getting.started/1.0.64/io.openliberty.sample.getting.started-1.0.64.pom
[INFO] 
[INFO] --- maven-deploy-plugin:2.8.2:deploy (default-deploy) @ io.openliberty.sample.getting.started ---
[INFO] Using alternate deployment repository local-nexus::default::http://nexus/repository/maven-releases/
[INFO] ------------------------------------------------------------------------
[INFO] BUILD SUCCESS
[INFO] ------------------------------------------------------------------------
[INFO] Total time:  03:09 h
[INFO] Finished at: 2019-09-23T11:36:19Z
[INFO] ------------------------------------------------------------------------

Showing logs for build [32msdaschner-jenkins-x-quickstart-l47kl-3[0m stage [32mfrom-build-pack[0m and container [32mstep-build-skaffold-version[0m
v0.37.0

Showing logs for build [32msdaschner-jenkins-x-quickstart-l47kl-3[0m stage [32mfrom-build-pack[0m and container [32mstep-build-container-build[0m
[36mINFO[0m[0000] Downloading base image open-liberty:javaee8-java12 
2019/09/23 11:36:19 No matching credentials were found, falling back on anonymous
[36mINFO[0m[0001] Error while retrieving image from cache: getting file info: stat /workspace/sha256:bd1da23d2d7dbbb1069acfed85885ced51c685c08a3742e1c9b3ea3ffb09b9e7: no such file or directory 
[36mINFO[0m[0001] Downloading base image open-liberty:javaee8-java12 
2019/09/23 11:36:21 No matching credentials were found, falling back on anonymous
[36mINFO[0m[0002] Using files from context: [/workspace/source/src/main/liberty/config] 
[36mINFO[0m[0002] Using files from context: [/workspace/source/target/getting-started.war] 
[36mINFO[0m[0002] Skipping unpacking as no commands require it. 
[36mINFO[0m[0002] Taking snapshot of full filesystem...        
[36mINFO[0m[0002] Using files from context: [/workspace/source/src/main/liberty/config] 
[36mINFO[0m[0002] COPY src/main/liberty/config/ /opt/ol/wlp/usr/servers/defaultServer/ 
[36mINFO[0m[0002] Taking snapshot of files...                  
[36mINFO[0m[0002] Using files from context: [/workspace/source/target/getting-started.war] 
[36mINFO[0m[0002] COPY target/*.war /opt/ol/wlp/usr/servers/defaultServer/apps/ 
[36mINFO[0m[0002] Taking snapshot of files...                  
error pushing image: failed to push to destination de.icr.io/daschner/jenkins-x-quickstart-liberty:1.0.64: unsupported status code 401; body: 
[31m
Pipeline failed on stage 'from-build-pack' : container 'step-build-container-build'. The execution of the pipeline has stopped.[0m
